{
  "RSpec": {
    "coverage": {
      "/Users/liormb/Documents/ga_wdi/projects/newstand/app/models/user.rb": [
        1,
        1,
        1,
        1,
        1,
        null,
        1,
        null,
        null,
        null,
        1,
        null,
        null,
        null,
        1,
        null,
        null,
        1,
        1,
        null,
        null
      ],
      "/Users/liormb/Documents/ga_wdi/projects/newstand/app/controllers/application_controller.rb": [
        1,
        1,
        1,
        null
      ],
      "/Users/liormb/Documents/ga_wdi/projects/newstand/app/helpers/application_helper.rb": [
        1,
        null
      ],
      "/Users/liormb/Documents/ga_wdi/projects/newstand/app/helpers/articles_helper.rb": [
        1,
        null
      ],
      "/Users/liormb/Documents/ga_wdi/projects/newstand/app/helpers/comments_helper.rb": [
        1,
        null
      ],
      "/Users/liormb/Documents/ga_wdi/projects/newstand/app/helpers/groups_helper.rb": [
        1,
        null
      ],
      "/Users/liormb/Documents/ga_wdi/projects/newstand/app/controllers/articles_controller.rb": [
        1,
        null,
        1,
        0,
        0,
        null,
        null,
        0,
        null,
        null,
        0,
        null,
        null,
        null,
        null,
        null,
        null,
        null,
        1,
        0,
        null,
        null,
        1,
        0,
        0,
        0,
        0,
        null,
        null,
        null
      ],
      "/Users/liormb/Documents/ga_wdi/projects/newstand/app/controllers/comments_controller.rb": [
        1,
        null,
        1,
        0,
        null,
        null,
        1,
        0,
        0,
        null,
        null
      ],
      "/Users/liormb/Documents/ga_wdi/projects/newstand/app/models/comment.rb": [
        1,
        1,
        1,
        1,
        null,
        1,
        null,
        1,
        1,
        null,
        null,
        null,
        null,
        null,
        null
      ],
      "/Users/liormb/Documents/ga_wdi/projects/newstand/app/controllers/groups_controller.rb": [
        1,
        null,
        1,
        2,
        null,
        null,
        1,
        1,
        1,
        null,
        null,
        1,
        0,
        null,
        null,
        null,
        null,
        null,
        null,
        null,
        null,
        null,
        1,
        0,
        null,
        null,
        1,
        0,
        0,
        null,
        null,
        null
      ],
      "/Users/liormb/Documents/ga_wdi/projects/newstand/app/models/group.rb": [
        1,
        1,
        1,
        1,
        1,
        null,
        1,
        null,
        1,
        2,
        null,
        null,
        null,
        null,
        null,
        null,
        null,
        null,
        null,
        null,
        null
      ],
      "/Users/liormb/Documents/ga_wdi/projects/newstand/app/controllers/users_controller.rb": [
        1,
        null,
        1,
        0,
        null,
        null,
        1,
        0,
        0,
        0,
        null,
        null,
        null
      ],
      "/Users/liormb/Documents/ga_wdi/projects/newstand/app/models/guardian.rb": [
        1,
        null,
        1,
        null,
        1,
        1,
        null,
        1,
        2,
        7,
        1,
        1,
        1,
        1,
        1,
        2,
        null,
        null,
        null,
        null,
        1,
        1,
        1,
        null,
        null,
        1,
        2,
        2,
        2,
        2,
        2,
        2,
        2,
        null,
        null,
        1,
        2,
        2,
        2,
        2,
        2,
        2,
        null,
        null,
        1,
        2,
        2,
        2,
        2,
        2,
        2,
        2,
        2,
        null,
        2,
        8,
        8,
        8,
        8,
        null,
        2,
        null,
        2,
        null,
        null,
        1,
        1,
        1,
        null,
        1,
        1,
        1,
        1,
        null,
        1,
        null,
        null,
        null
      ],
      "/Users/liormb/Documents/ga_wdi/projects/newstand/app/models/like.rb": [
        1,
        1,
        1,
        1,
        null,
        1,
        null
      ],
      "/Users/liormb/Documents/ga_wdi/projects/newstand/app/models/nytimes.rb": [
        1,
        null,
        1,
        1,
        null,
        1,
        2,
        10,
        2,
        2,
        2,
        2,
        2,
        null,
        null,
        null,
        null,
        1,
        1,
        1,
        null,
        null,
        null
      ],
      "/Users/liormb/Documents/ga_wdi/projects/newstand/app/models/usatoday.rb": [
        1,
        null,
        1,
        1,
        null,
        1,
        1,
        1,
        1,
        null,
        null,
        1,
        1,
        1,
        1,
        5,
        5,
        5,
        5,
        0,
        null,
        5,
        5,
        5,
        null,
        null,
        null,
        1,
        null,
        null,
        null
      ],
      "/Users/liormb/Documents/ga_wdi/projects/newstand/app/models/users_group.rb": [
        1,
        1,
        1,
        1,
        null
      ]
    },
    "timestamp": 1389936885
  }
}
